

Microchip MPLAB XC8 Assembler V2.31 build 20201012212115 
                                                                                               Thu Mar 04 16:38:33 2021

Microchip MPLAB XC8 C Compiler v2.31 (Free license) build 20201012212115 Og1 
     1                           	processor	18F27Q43
     2                           	fnconf	rparam,??,?,0
     3                           	pagewidth 120
     4                           	opt	flic
     5                           	psect	idataCOMRAM,global,class=CODE,delta=1,noexec
     6                           	psect	cinit,global,reloc=2,class=CODE,delta=1
     7                           	psect	bssCOMRAM,global,class=COMRAM,space=1,delta=1,lowdata,noexec
     8                           	psect	dataCOMRAM,global,class=COMRAM,space=1,delta=1,lowdata,noexec
     9                           	psect	cstackCOMRAM,global,class=COMRAM,space=1,delta=1,lowdata,noexec
    10                           	psect	text0,global,reloc=2,class=CODE,delta=1
    11                           	psect	text1,global,reloc=2,class=CODE,delta=1
    12                           	psect	text2,global,reloc=2,class=CODE,delta=1
    13                           	psect	text3,global,reloc=2,class=CODE,delta=1
    14                           	psect	text4,global,reloc=2,class=CODE,delta=1
    15                           	psect	text5,global,reloc=2,class=CODE,delta=1
    16                           	psect	text6,global,reloc=2,class=CODE,delta=1
    17                           	psect	intsave_regs,global,class=BIGRAM,space=1,delta=1,noexec
    18                           	psect	rparam,global,class=COMRAM,space=1,delta=1,noexec
    19                           	psect	idloc,global,abs,ovrld,class=IDLOC,space=5,delta=1,noexec
    20                           	psect	config,global,abs,ovrld,class=CONFIG,space=4,delta=1,noexec
    21  0000                     
    22                           ; Version 2.30
    23                           ; Generated 20/08/2020 GMT
    24                           ; 
    25                           ; Copyright © 2020, Microchip Technology Inc. and its subsidiaries ("Microchip")
    26                           ; All rights reserved.
    27                           ; 
    28                           ; This software is developed by Microchip Technology Inc. and its subsidiaries ("Microch
      +                          ip").
    29                           ; 
    30                           ; Redistribution and use in source and binary forms, with or without modification, are
    31                           ; permitted provided that the following conditions are met:
    32                           ; 
    33                           ;     1. Redistributions of source code must retain the above copyright notice, this lis
      +                          t of
    34                           ;        conditions and the following disclaimer.
    35                           ; 
    36                           ;     2. Redistributions in binary form must reproduce the above copyright notice, this 
      +                          list
    37                           ;        of conditions and the following disclaimer in the documentation and/or other
    38                           ;        materials provided with the distribution. Publication is not required when
    39                           ;        this file is used in an embedded application.
    40                           ; 
    41                           ;     3. Microchip's name may not be used to endorse or promote products derived from th
      +                          is
    42                           ;        software without specific prior written permission.
    43                           ; 
    44                           ; THIS SOFTWARE IS PROVIDED BY MICROCHIP "AS IS" AND ANY EXPRESS OR IMPLIED WARRANTIES,
    45                           ; INCLUDING, BUT NOT LIMITED TO, THE IMPLIED WARRANTIES OF MERCHANTABILITY AND FITNESS F
      +                          OR
    46                           ; PURPOSE ARE DISCLAIMED.  IN NO EVENT SHALL MICROCHIP BE LIABLE FOR ANY DIRECT, INDIREC
      +                          T,
    47                           ; INCIDENTAL, SPECIAL, EXEMPLARY, OR CONSEQUENTIAL DAMAGES (INCLUDING BUT NOT LIMITED TO
    48                           ; PROCUREMENT OF SUBSTITUTE GOODS OR SERVICES; LOSS OF USE, DATA OR PROFITS; OR BUSINESS
    49                           ; INTERRUPTION) HOWSOEVER CAUSED AND ON ANY THEORY OF LIABILITY, WHETHER IN CONTRACT, ST
      +                          RICT
    50                           ; LIABILITY, OR TORT (INCLUDING NEGLIGENCE OR OTHERWISE) ARISING IN ANY WAY OUT OF THE U
      +                          SE OF
    51                           ; THIS SOFTWARE, EVEN IF ADVISED OF THE POSSIBILITY OF SUCH DAMAGE.
    52                           ; 
    53                           ; 
    54                           ; Code-generator required, PIC18F27Q43 Definitions
    55                           ; 
    56                           ; SFR Addresses
    57  0000                     
    58                           	psect	idataCOMRAM
    59  01FEEB                     __pidataCOMRAM:
    60                           	callstack 0
    61                           
    62                           ;initializer for UserAppRun@F15925
    63  01FEEB  21                 	db	33
    64  01FEEC  12                 	db	18
    65  01FEED  0C                 	db	12
    66  01FEEE  12                 	db	18
    67  01FEEF  21                 	db	33
    68  0000                     _TMR0H	set	793
    69  0000                     _TMR0L	set	792
    70  0000                     _T0CON1	set	795
    71  0000                     _T0CON0	set	794
    72  0000                     _ANSELA	set	1024
    73  0000                     _PIR3	set	1201
    74  0000                     _LATA	set	1214
    75  0000                     _TRISA	set	1222
    76                           
    77                           ; #config settings
    78                           
    79                           	psect	cinit
    80  01FF54                     __pcinit:
    81                           	callstack 0
    82  01FF54                     start_initialization:
    83                           	callstack 0
    84  01FF54                     __initialization:
    85                           	callstack 0
    86                           
    87                           ; Initialize objects allocated to COMRAM (5 bytes)
    88                           ; load TBLPTR registers with __pidataCOMRAM
    89  01FF54  0EEB               	movlw	low __pidataCOMRAM
    90  01FF56  6EF6               	movwf	tblptrl,c
    91  01FF58  0EFE               	movlw	high __pidataCOMRAM
    92  01FF5A  6EF7               	movwf	tblptrh,c
    93  01FF5C  0E01               	movlw	low (__pidataCOMRAM shr (0+16))
    94  01FF5E  6EF8               	movwf	tblptru,c
    95  01FF60  EE01  F118         	lfsr	0,__pdataCOMRAM
    96  01FF64  EE10 F005          	lfsr	1,5
    97  01FF68                     copy_data0:
    98  01FF68  0009               	tblrd		*+
    99  01FF6A  C4F5 F4EE          	movff	tablat,postinc0
   100  01FF6E  50E5               	movf	postdec1,w,c
   101  01FF70  50E1               	movf	fsr1l,w,c
   102  01FF72  E1FA               	bnz	copy_data0
   103                           
   104                           ; Clear objects allocated to COMRAM (17 bytes)
   105  01FF74  EE01  F101         	lfsr	0,__pbssCOMRAM
   106  01FF78  0E11               	movlw	17
   107  01FF7A                     clear_0:
   108  01FF7A  6AEE               	clrf	postinc0,c
   109  01FF7C  06E8               	decf	wreg,f,c
   110  01FF7E  E1FD               	bnz	clear_0
   111  01FF80                     end_of_initialization:
   112                           	callstack 0
   113  01FF80                     __end_of__initialization:
   114                           	callstack 0
   115  01FF80  0100               	movlb	0
   116  01FF82  EF99  F0FF         	goto	_main	;jump to C main() function
   117                           
   118                           	psect	bssCOMRAM
   119  000501                     __pbssCOMRAM:
   120                           	callstack 0
   121  000501                     _G_u32SystemFlags:
   122                           	callstack 0
   123  000501                     	ds	4
   124  000505                     _G_u32SystemTime1s:
   125                           	callstack 0
   126  000505                     	ds	4
   127  000509                     _G_u32SystemTime1ms:
   128                           	callstack 0
   129  000509                     	ds	4
   130  00050D                     UserAppRun@intLedDesign:
   131                           	callstack 0
   132  00050D                     	ds	2
   133  00050F                     UserAppRun@u16Count:
   134                           	callstack 0
   135  00050F                     	ds	2
   136  000511                     _G_u8UserAppFlags:
   137                           	callstack 0
   138  000511                     	ds	1
   139                           
   140                           	psect	dataCOMRAM
   141  000518                     __pdataCOMRAM:
   142                           	callstack 0
   143  000518                     UserAppRun@F15925:
   144                           	callstack 0
   145  000518                     	ds	5
   146                           
   147                           	psect	cstackCOMRAM
   148  000512                     __pcstackCOMRAM:
   149                           	callstack 0
   150  000512                     UserAppRun@u8Design:
   151                           	callstack 0
   152                           
   153                           ; 5 bytes @ 0x0
   154  000512                     	ds	5
   155  000517                     UserAppRun@u8Pattern:
   156                           	callstack 0
   157                           
   158                           ; 1 bytes @ 0x5
   159  000517                     	ds	1
   160  000518                     
   161                           ; 1 bytes @ 0x6
   162 ;;
   163 ;;Main: autosize = 0, tempsize = 0, incstack = 0, save=0
   164 ;;
   165 ;; *************** function _main *****************
   166 ;; Defined at:
   167 ;;		line 35 in file "main.c"
   168 ;; Parameters:    Size  Location     Type
   169 ;;		None
   170 ;; Auto vars:     Size  Location     Type
   171 ;;		None
   172 ;; Return value:  Size  Location     Type
   173 ;;                  1    wreg      void 
   174 ;; Registers used:
   175 ;;		wreg, fsr1l, fsr1h, fsr2l, fsr2h, status,2, status,0, cstack
   176 ;; Tracked objects:
   177 ;;		On entry : 0/0
   178 ;;		On exit  : 0/0
   179 ;;		Unchanged: 0/0
   180 ;; Data sizes:     COMRAM   BANK5   BANK6   BANK7   BANK8   BANK9  BANK10  BANK11  BANK12  BANK13  BANK14  BANK15  BANK1
      +6  BANK17  BANK18  BANK19  BANK20  BANK21  BANK22  BANK23  BANK24  BANK25  BANK26  BANK27  BANK28  BANK29  BANK30  BANK3
      +1  BANK32  BANK33  BANK34  BANK35  BANK36  BANK37
   181 ;;      Params:         0       0       0       0       0       0       0       0       0       0       0       0       
      +0       0       0       0       0       0       0       0       0       0       0       0       0       0       0       
      +0       0       0       0       0       0       0
   182 ;;      Locals:         0       0       0       0       0       0       0       0       0       0       0       0       
      +0       0       0       0       0       0       0       0       0       0       0       0       0       0       0       
      +0       0       0       0       0       0       0
   183 ;;      Temps:          0       0       0       0       0       0       0       0       0       0       0       0       
      +0       0       0       0       0       0       0       0       0       0       0       0       0       0       0       
      +0       0       0       0       0       0       0
   184 ;;      Totals:         0       0       0       0       0       0       0       0       0       0       0       0       
      +0       0       0       0       0       0       0       0       0       0       0       0       0       0       0       
      +0       0       0       0       0       0       0
   185 ;;Total ram usage:        0 bytes
   186 ;; Hardware stack levels required when called:    1
   187 ;; This function calls:
   188 ;;		_ClockSetup
   189 ;;		_GpioSetup
   190 ;;		_SysTickSetup
   191 ;;		_SystemSleep
   192 ;;		_UserAppInitialize
   193 ;;		_UserAppRun
   194 ;; This function is called by:
   195 ;;		Startup code after reset
   196 ;; This function uses a non-reentrant model
   197 ;;
   198                           
   199                           	psect	text0
   200  01FF32                     __ptext0:
   201                           	callstack 0
   202  01FF32                     _main:
   203                           	callstack 127
   204  01FF32                     
   205                           ;main.c: 37:   G_u32SystemFlags |= (u32)0x80000000;
   206  01FF32  8E04               	bsf	(_G_u32SystemFlags+3)^(0+1280),7,c	;volatile
   207  01FF34                     
   208                           ;main.c: 40:   ClockSetup();
   209  01FF34  EC73  F0FF         	call	_ClockSetup	;wreg free
   210  01FF38                     
   211                           ;main.c: 41:   SysTickSetup();
   212  01FF38  EC88  F0FF         	call	_SysTickSetup	;wreg free
   213  01FF3C                     
   214                           ;main.c: 42:   GpioSetup();
   215  01FF3C  EC78  F0FF         	call	_GpioSetup	;wreg free
   216  01FF40                     
   217                           ;main.c: 47:   UserAppInitialize();
   218  01FF40  EC80  F0FF         	call	_UserAppInitialize	;wreg free
   219  01FF44                     l821:
   220                           
   221                           ;main.c: 53:   {;main.c: 57:     UserAppRun();
   222  01FF44  ECC3  F0FF         	call	_UserAppRun	;wreg free
   223  01FF48                     
   224                           ;main.c: 62:     SystemSleep();
   225  01FF48  EC74  F0FF         	call	_SystemSleep	;wreg free
   226  01FF4C  EFA2  F0FF         	goto	l821
   227  01FF50  EFFE  F0FF         	goto	start
   228  01FF54                     __end_of_main:
   229                           	callstack 0
   230                           
   231 ;; *************** function _UserAppRun *****************
   232 ;; Defined at:
   233 ;;		line 124 in file "user_app.c"
   234 ;; Parameters:    Size  Location     Type
   235 ;;		None
   236 ;; Auto vars:     Size  Location     Type
   237 ;;  u8Pattern       1    5[COMRAM] unsigned char 
   238 ;;  u8Design        5    0[COMRAM] unsigned char [5]
   239 ;; Return value:  Size  Location     Type
   240 ;;                  1    wreg      void 
   241 ;; Registers used:
   242 ;;		wreg, fsr1l, fsr1h, fsr2l, fsr2h, status,2, status,0
   243 ;; Tracked objects:
   244 ;;		On entry : 0/0
   245 ;;		On exit  : 0/0
   246 ;;		Unchanged: 0/0
   247 ;; Data sizes:     COMRAM   BANK5   BANK6   BANK7   BANK8   BANK9  BANK10  BANK11  BANK12  BANK13  BANK14  BANK15  BANK1
      +6  BANK17  BANK18  BANK19  BANK20  BANK21  BANK22  BANK23  BANK24  BANK25  BANK26  BANK27  BANK28  BANK29  BANK30  BANK3
      +1  BANK32  BANK33  BANK34  BANK35  BANK36  BANK37
   248 ;;      Params:         0       0       0       0       0       0       0       0       0       0       0       0       
      +0       0       0       0       0       0       0       0       0       0       0       0       0       0       0       
      +0       0       0       0       0       0       0
   249 ;;      Locals:         6       0       0       0       0       0       0       0       0       0       0       0       
      +0       0       0       0       0       0       0       0       0       0       0       0       0       0       0       
      +0       0       0       0       0       0       0
   250 ;;      Temps:          0       0       0       0       0       0       0       0       0       0       0       0       
      +0       0       0       0       0       0       0       0       0       0       0       0       0       0       0       
      +0       0       0       0       0       0       0
   251 ;;      Totals:         6       0       0       0       0       0       0       0       0       0       0       0       
      +0       0       0       0       0       0       0       0       0       0       0       0       0       0       0       
      +0       0       0       0       0       0       0
   252 ;;Total ram usage:        6 bytes
   253 ;; Hardware stack levels used:    1
   254 ;; This function calls:
   255 ;;		Nothing
   256 ;; This function is called by:
   257 ;;		_main
   258 ;; This function uses a non-reentrant model
   259 ;;
   260                           
   261                           	psect	text1
   262  01FF86                     __ptext1:
   263                           	callstack 0
   264  01FF86                     _UserAppRun:
   265                           	callstack 127
   266  01FF86                     
   267                           ;user_app.c: 126:     static u16 u16Count=0x0000;;user_app.c: 127:     static int intLed
      +                          Design=0;;user_app.c: 128:     u8 u8Design [5]= {0x21,0x12,0x0c,0x12,0x21};
   268  01FF86  EE21  F118         	lfsr	2,UserAppRun@F15925
   269  01FF8A  EE11  F112         	lfsr	1,UserAppRun@u8Design
   270  01FF8E  0E04               	movlw	4
   271  01FF90                     u11:
   272  01FF90  C4DB F4E3          	movff	plusw2,plusw1
   273  01FF94  06E8               	decf	wreg,f,c
   274  01FF96  E2FC               	bc	u11
   275  01FF98                     
   276                           ;user_app.c: 130:     u16Count++;
   277  01FF98  4A0F               	infsnz	UserAppRun@u16Count^(0+1280),f,c
   278  01FF9A  2A10               	incf	(UserAppRun@u16Count+1)^(0+1280),f,c
   279  01FF9C                     
   280                           ;user_app.c: 132:     if ( u16Count == 500)
   281  01FF9C  0EF4               	movlw	244
   282  01FF9E  180F               	xorwf	UserAppRun@u16Count^(0+1280),w,c
   283  01FFA0  E106               	bnz	u21
   284  01FFA2  0410               	decf	(UserAppRun@u16Count+1)^(0+1280),w,c
   285  01FFA4  A4D8               	btfss	status,2,c
   286  01FFA6  EFD7  F0FF         	goto	u21
   287  01FFAA  EFD9  F0FF         	goto	u20
   288  01FFAE                     u21:
   289  01FFAE  EFFD  F0FF         	goto	l79
   290  01FFB2                     u20:
   291  01FFB2                     
   292                           ;user_app.c: 133:     {;user_app.c: 134:        u16Count=0x0000;
   293  01FFB2  0E00               	movlw	0
   294  01FFB4  6E10               	movwf	(UserAppRun@u16Count+1)^(0+1280),c
   295  01FFB6  0E00               	movlw	0
   296  01FFB8  6E0F               	movwf	UserAppRun@u16Count^(0+1280),c
   297  01FFBA                     
   298                           ;user_app.c: 135:        u8 u8Pattern=LATA;
   299  01FFBA  0061 F2F8  F517    	movff	1214,UserAppRun@u8Pattern	;volatile
   300  01FFC0                     
   301                           ;user_app.c: 137:        u8Pattern &= 0x80;
   302  01FFC0  0E80               	movlw	128
   303  01FFC2  1617               	andwf	UserAppRun@u8Pattern^(0+1280),f,c
   304  01FFC4                     
   305                           ;user_app.c: 139:        u8Pattern |= u8Design [intLedDesign];
   306  01FFC4  0E12               	movlw	low UserAppRun@u8Design
   307  01FFC6  240D               	addwf	UserAppRun@intLedDesign^(0+1280),w,c
   308  01FFC8  6ED9               	movwf	fsr2l,c
   309  01FFCA  0E05               	movlw	high UserAppRun@u8Design
   310  01FFCC  200E               	addwfc	(UserAppRun@intLedDesign+1)^(0+1280),w,c
   311  01FFCE  6EDA               	movwf	fsr2h,c
   312  01FFD0  50DF               	movf	indf2,w,c
   313  01FFD2  1217               	iorwf	UserAppRun@u8Pattern^(0+1280),f,c
   314  01FFD4                     
   315                           ;user_app.c: 140:        LATA=u8Pattern;
   316  01FFD4  0061  F45C  F4BE   	movff	UserAppRun@u8Pattern,1214	;volatile
   317  01FFDA                     
   318                           ;user_app.c: 141:        intLedDesign++;
   319  01FFDA  4A0D               	infsnz	UserAppRun@intLedDesign^(0+1280),f,c
   320  01FFDC  2A0E               	incf	(UserAppRun@intLedDesign+1)^(0+1280),f,c
   321  01FFDE                     
   322                           ;user_app.c: 143:        if(intLedDesign == 5)
   323  01FFDE  0E05               	movlw	5
   324  01FFE0  180D               	xorwf	UserAppRun@intLedDesign^(0+1280),w,c
   325  01FFE2  100E               	iorwf	(UserAppRun@intLedDesign+1)^(0+1280),w,c
   326  01FFE4  A4D8               	btfss	status,2,c
   327  01FFE6  EFF7  F0FF         	goto	u31
   328  01FFEA  EFF9  F0FF         	goto	u30
   329  01FFEE                     u31:
   330  01FFEE  EFFD  F0FF         	goto	l79
   331  01FFF2                     u30:
   332  01FFF2                     
   333                           ;user_app.c: 144:        {;user_app.c: 145:            intLedDesign=0;
   334  01FFF2  0E00               	movlw	0
   335  01FFF4  6E0E               	movwf	(UserAppRun@intLedDesign+1)^(0+1280),c
   336  01FFF6  0E00               	movlw	0
   337  01FFF8  6E0D               	movwf	UserAppRun@intLedDesign^(0+1280),c
   338  01FFFA                     l79:
   339  01FFFA  0012               	return		;funcret
   340  01FFFC                     __end_of_UserAppRun:
   341                           	callstack 0
   342                           
   343 ;; *************** function _UserAppInitialize *****************
   344 ;; Defined at:
   345 ;;		line 77 in file "user_app.c"
   346 ;; Parameters:    Size  Location     Type
   347 ;;		None
   348 ;; Auto vars:     Size  Location     Type
   349 ;;		None
   350 ;; Return value:  Size  Location     Type
   351 ;;                  1    wreg      void 
   352 ;; Registers used:
   353 ;;		wreg, status,2
   354 ;; Tracked objects:
   355 ;;		On entry : 0/0
   356 ;;		On exit  : 0/0
   357 ;;		Unchanged: 0/0
   358 ;; Data sizes:     COMRAM   BANK5   BANK6   BANK7   BANK8   BANK9  BANK10  BANK11  BANK12  BANK13  BANK14  BANK15  BANK1
      +6  BANK17  BANK18  BANK19  BANK20  BANK21  BANK22  BANK23  BANK24  BANK25  BANK26  BANK27  BANK28  BANK29  BANK30  BANK3
      +1  BANK32  BANK33  BANK34  BANK35  BANK36  BANK37
   359 ;;      Params:         0       0       0       0       0       0       0       0       0       0       0       0       
      +0       0       0       0       0       0       0       0       0       0       0       0       0       0       0       
      +0       0       0       0       0       0       0
   360 ;;      Locals:         0       0       0       0       0       0       0       0       0       0       0       0       
      +0       0       0       0       0       0       0       0       0       0       0       0       0       0       0       
      +0       0       0       0       0       0       0
   361 ;;      Temps:          0       0       0       0       0       0       0       0       0       0       0       0       
      +0       0       0       0       0       0       0       0       0       0       0       0       0       0       0       
      +0       0       0       0       0       0       0
   362 ;;      Totals:         0       0       0       0       0       0       0       0       0       0       0       0       
      +0       0       0       0       0       0       0       0       0       0       0       0       0       0       0       
      +0       0       0       0       0       0       0
   363 ;;Total ram usage:        0 bytes
   364 ;; Hardware stack levels used:    1
   365 ;; This function calls:
   366 ;;		Nothing
   367 ;; This function is called by:
   368 ;;		_main
   369 ;; This function uses a non-reentrant model
   370 ;;
   371                           
   372                           	psect	text2
   373  01FF00                     __ptext2:
   374                           	callstack 0
   375  01FF00                     _UserAppInitialize:
   376                           	callstack 127
   377  01FF00                     
   378                           ;user_app.c: 79:     LATA = 0x80;
   379  01FF00  0E80               	movlw	128
   380  01FF02  6EBE               	movwf	190,c	;volatile
   381                           
   382                           ;user_app.c: 81:     T0CON0 = 0x90;
   383  01FF04  0E90               	movlw	144
   384  01FF06  0103               	movlb	3	; () banked
   385  01FF08  6F1A               	movwf	26,b	;volatile
   386                           
   387                           ;user_app.c: 82:     T0CON1 = 0x54;
   388  01FF0A  0E54               	movlw	84
   389  01FF0C  6F1B               	movwf	27,b	;volatile
   390  01FF0E                     
   391                           ; BSR set to: 3
   392  01FF0E  0012               	return		;funcret
   393  01FF10                     __end_of_UserAppInitialize:
   394                           	callstack 0
   395                           
   396 ;; *************** function _SystemSleep *****************
   397 ;; Defined at:
   398 ;;		line 134 in file "encm369_pic18.c"
   399 ;; Parameters:    Size  Location     Type
   400 ;;		None
   401 ;; Auto vars:     Size  Location     Type
   402 ;;		None
   403 ;; Return value:  Size  Location     Type
   404 ;;                  1    wreg      void 
   405 ;; Registers used:
   406 ;;		None
   407 ;; Tracked objects:
   408 ;;		On entry : 0/0
   409 ;;		On exit  : 0/0
   410 ;;		Unchanged: 0/0
   411 ;; Data sizes:     COMRAM   BANK5   BANK6   BANK7   BANK8   BANK9  BANK10  BANK11  BANK12  BANK13  BANK14  BANK15  BANK1
      +6  BANK17  BANK18  BANK19  BANK20  BANK21  BANK22  BANK23  BANK24  BANK25  BANK26  BANK27  BANK28  BANK29  BANK30  BANK3
      +1  BANK32  BANK33  BANK34  BANK35  BANK36  BANK37
   412 ;;      Params:         0       0       0       0       0       0       0       0       0       0       0       0       
      +0       0       0       0       0       0       0       0       0       0       0       0       0       0       0       
      +0       0       0       0       0       0       0
   413 ;;      Locals:         0       0       0       0       0       0       0       0       0       0       0       0       
      +0       0       0       0       0       0       0       0       0       0       0       0       0       0       0       
      +0       0       0       0       0       0       0
   414 ;;      Temps:          0       0       0       0       0       0       0       0       0       0       0       0       
      +0       0       0       0       0       0       0       0       0       0       0       0       0       0       0       
      +0       0       0       0       0       0       0
   415 ;;      Totals:         0       0       0       0       0       0       0       0       0       0       0       0       
      +0       0       0       0       0       0       0       0       0       0       0       0       0       0       0       
      +0       0       0       0       0       0       0
   416 ;;Total ram usage:        0 bytes
   417 ;; Hardware stack levels used:    1
   418 ;; This function calls:
   419 ;;		Nothing
   420 ;; This function is called by:
   421 ;;		_main
   422 ;; This function uses a non-reentrant model
   423 ;;
   424                           
   425                           	psect	text3
   426  01FEE8                     __ptext3:
   427                           	callstack 0
   428  01FEE8                     _SystemSleep:
   429                           	callstack 127
   430  01FEE8  0012               	return		;funcret
   431  01FEEA                     __end_of_SystemSleep:
   432                           	callstack 0
   433                           
   434 ;; *************** function _SysTickSetup *****************
   435 ;; Defined at:
   436 ;;		line 112 in file "encm369_pic18.c"
   437 ;; Parameters:    Size  Location     Type
   438 ;;		None
   439 ;; Auto vars:     Size  Location     Type
   440 ;;		None
   441 ;; Return value:  Size  Location     Type
   442 ;;                  1    wreg      void 
   443 ;; Registers used:
   444 ;;		wreg, status,2
   445 ;; Tracked objects:
   446 ;;		On entry : 0/0
   447 ;;		On exit  : 0/0
   448 ;;		Unchanged: 0/0
   449 ;; Data sizes:     COMRAM   BANK5   BANK6   BANK7   BANK8   BANK9  BANK10  BANK11  BANK12  BANK13  BANK14  BANK15  BANK1
      +6  BANK17  BANK18  BANK19  BANK20  BANK21  BANK22  BANK23  BANK24  BANK25  BANK26  BANK27  BANK28  BANK29  BANK30  BANK3
      +1  BANK32  BANK33  BANK34  BANK35  BANK36  BANK37
   450 ;;      Params:         0       0       0       0       0       0       0       0       0       0       0       0       
      +0       0       0       0       0       0       0       0       0       0       0       0       0       0       0       
      +0       0       0       0       0       0       0
   451 ;;      Locals:         0       0       0       0       0       0       0       0       0       0       0       0       
      +0       0       0       0       0       0       0       0       0       0       0       0       0       0       0       
      +0       0       0       0       0       0       0
   452 ;;      Temps:          0       0       0       0       0       0       0       0       0       0       0       0       
      +0       0       0       0       0       0       0       0       0       0       0       0       0       0       0       
      +0       0       0       0       0       0       0
   453 ;;      Totals:         0       0       0       0       0       0       0       0       0       0       0       0       
      +0       0       0       0       0       0       0       0       0       0       0       0       0       0       0       
      +0       0       0       0       0       0       0
   454 ;;Total ram usage:        0 bytes
   455 ;; Hardware stack levels used:    1
   456 ;; This function calls:
   457 ;;		Nothing
   458 ;; This function is called by:
   459 ;;		_main
   460 ;; This function uses a non-reentrant model
   461 ;;
   462                           
   463                           	psect	text4
   464  01FF10                     __ptext4:
   465                           	callstack 0
   466  01FF10                     _SysTickSetup:
   467                           	callstack 127
   468  01FF10                     
   469                           ;encm369_pic18.c: 114:   G_u32SystemTime1ms = 0;
   470  01FF10  0E00               	movlw	0
   471  01FF12  6E09               	movwf	_G_u32SystemTime1ms^(0+1280),c	;volatile
   472  01FF14  0E00               	movlw	0
   473  01FF16  6E0A               	movwf	(_G_u32SystemTime1ms+1)^(0+1280),c	;volatile
   474  01FF18  0E00               	movlw	0
   475  01FF1A  6E0B               	movwf	(_G_u32SystemTime1ms+2)^(0+1280),c	;volatile
   476  01FF1C  0E00               	movlw	0
   477  01FF1E  6E0C               	movwf	(_G_u32SystemTime1ms+3)^(0+1280),c	;volatile
   478                           
   479                           ;encm369_pic18.c: 115:   G_u32SystemTime1s = 0;
   480  01FF20  0E00               	movlw	0
   481  01FF22  6E05               	movwf	_G_u32SystemTime1s^(0+1280),c	;volatile
   482  01FF24  0E00               	movlw	0
   483  01FF26  6E06               	movwf	(_G_u32SystemTime1s+1)^(0+1280),c	;volatile
   484  01FF28  0E00               	movlw	0
   485  01FF2A  6E07               	movwf	(_G_u32SystemTime1s+2)^(0+1280),c	;volatile
   486  01FF2C  0E00               	movlw	0
   487  01FF2E  6E08               	movwf	(_G_u32SystemTime1s+3)^(0+1280),c	;volatile
   488  01FF30  0012               	return		;funcret
   489  01FF32                     __end_of_SysTickSetup:
   490                           	callstack 0
   491                           
   492 ;; *************** function _GpioSetup *****************
   493 ;; Defined at:
   494 ;;		line 90 in file "encm369_pic18.c"
   495 ;; Parameters:    Size  Location     Type
   496 ;;		None
   497 ;; Auto vars:     Size  Location     Type
   498 ;;		None
   499 ;; Return value:  Size  Location     Type
   500 ;;                  1    wreg      void 
   501 ;; Registers used:
   502 ;;		wreg, status,2
   503 ;; Tracked objects:
   504 ;;		On entry : 0/0
   505 ;;		On exit  : 0/0
   506 ;;		Unchanged: 0/0
   507 ;; Data sizes:     COMRAM   BANK5   BANK6   BANK7   BANK8   BANK9  BANK10  BANK11  BANK12  BANK13  BANK14  BANK15  BANK1
      +6  BANK17  BANK18  BANK19  BANK20  BANK21  BANK22  BANK23  BANK24  BANK25  BANK26  BANK27  BANK28  BANK29  BANK30  BANK3
      +1  BANK32  BANK33  BANK34  BANK35  BANK36  BANK37
   508 ;;      Params:         0       0       0       0       0       0       0       0       0       0       0       0       
      +0       0       0       0       0       0       0       0       0       0       0       0       0       0       0       
      +0       0       0       0       0       0       0
   509 ;;      Locals:         0       0       0       0       0       0       0       0       0       0       0       0       
      +0       0       0       0       0       0       0       0       0       0       0       0       0       0       0       
      +0       0       0       0       0       0       0
   510 ;;      Temps:          0       0       0       0       0       0       0       0       0       0       0       0       
      +0       0       0       0       0       0       0       0       0       0       0       0       0       0       0       
      +0       0       0       0       0       0       0
   511 ;;      Totals:         0       0       0       0       0       0       0       0       0       0       0       0       
      +0       0       0       0       0       0       0       0       0       0       0       0       0       0       0       
      +0       0       0       0       0       0       0
   512 ;;Total ram usage:        0 bytes
   513 ;; Hardware stack levels used:    1
   514 ;; This function calls:
   515 ;;		Nothing
   516 ;; This function is called by:
   517 ;;		_main
   518 ;; This function uses a non-reentrant model
   519 ;;
   520                           
   521                           	psect	text5
   522  01FEF0                     __ptext5:
   523                           	callstack 0
   524  01FEF0                     _GpioSetup:
   525                           	callstack 127
   526  01FEF0                     
   527                           ;encm369_pic18.c: 94:     TRISA=0x00;
   528  01FEF0  0E00               	movlw	0
   529  01FEF2  6EC6               	movwf	198,c	;volatile
   530                           
   531                           ;encm369_pic18.c: 95:     ANSELA=0x00;
   532  01FEF4  0E00               	movlw	0
   533  01FEF6  0104               	movlb	4	; () banked
   534  01FEF8  6F00               	movwf	0,b	;volatile
   535                           
   536                           ;encm369_pic18.c: 96:     LATA=0x80;
   537  01FEFA  0E80               	movlw	128
   538  01FEFC  6EBE               	movwf	190,c	;volatile
   539  01FEFE                     
   540                           ; BSR set to: 4
   541  01FEFE  0012               	return		;funcret
   542  01FF00                     __end_of_GpioSetup:
   543                           	callstack 0
   544                           
   545 ;; *************** function _ClockSetup *****************
   546 ;; Defined at:
   547 ;;		line 70 in file "encm369_pic18.c"
   548 ;; Parameters:    Size  Location     Type
   549 ;;		None
   550 ;; Auto vars:     Size  Location     Type
   551 ;;		None
   552 ;; Return value:  Size  Location     Type
   553 ;;                  1    wreg      void 
   554 ;; Registers used:
   555 ;;		None
   556 ;; Tracked objects:
   557 ;;		On entry : 0/0
   558 ;;		On exit  : 0/0
   559 ;;		Unchanged: 0/0
   560 ;; Data sizes:     COMRAM   BANK5   BANK6   BANK7   BANK8   BANK9  BANK10  BANK11  BANK12  BANK13  BANK14  BANK15  BANK1
      +6  BANK17  BANK18  BANK19  BANK20  BANK21  BANK22  BANK23  BANK24  BANK25  BANK26  BANK27  BANK28  BANK29  BANK30  BANK3
      +1  BANK32  BANK33  BANK34  BANK35  BANK36  BANK37
   561 ;;      Params:         0       0       0       0       0       0       0       0       0       0       0       0       
      +0       0       0       0       0       0       0       0       0       0       0       0       0       0       0       
      +0       0       0       0       0       0       0
   562 ;;      Locals:         0       0       0       0       0       0       0       0       0       0       0       0       
      +0       0       0       0       0       0       0       0       0       0       0       0       0       0       0       
      +0       0       0       0       0       0       0
   563 ;;      Temps:          0       0       0       0       0       0       0       0       0       0       0       0       
      +0       0       0       0       0       0       0       0       0       0       0       0       0       0       0       
      +0       0       0       0       0       0       0
   564 ;;      Totals:         0       0       0       0       0       0       0       0       0       0       0       0       
      +0       0       0       0       0       0       0       0       0       0       0       0       0       0       0       
      +0       0       0       0       0       0       0
   565 ;;Total ram usage:        0 bytes
   566 ;; Hardware stack levels used:    1
   567 ;; This function calls:
   568 ;;		Nothing
   569 ;; This function is called by:
   570 ;;		_main
   571 ;; This function uses a non-reentrant model
   572 ;;
   573                           
   574                           	psect	text6
   575  01FEE6                     __ptext6:
   576                           	callstack 0
   577  01FEE6                     _ClockSetup:
   578                           	callstack 127
   579  01FEE6  0012               	return		;funcret
   580  01FEE8                     __end_of_ClockSetup:
   581                           	callstack 0
   582  0000                     
   583                           	psect	rparam
   584  0000                     
   585                           	psect	idloc
   586                           
   587                           ;Config register IDLOC0 @ 0x200000
   588                           ;	unspecified, using default values
   589  200000                     	org	2097152
   590  200000  0FFF               	dw	4095
   591                           
   592                           ;Config register IDLOC1 @ 0x200002
   593                           ;	unspecified, using default values
   594  200002                     	org	2097154
   595  200002  0FFF               	dw	4095
   596                           
   597                           ;Config register IDLOC2 @ 0x200004
   598                           ;	unspecified, using default values
   599  200004                     	org	2097156
   600  200004  0FFF               	dw	4095
   601                           
   602                           ;Config register IDLOC3 @ 0x200006
   603                           ;	unspecified, using default values
   604  200006                     	org	2097158
   605  200006  0FFF               	dw	4095
   606                           
   607                           ;Config register IDLOC4 @ 0x200008
   608                           ;	unspecified, using default values
   609  200008                     	org	2097160
   610  200008  0FFF               	dw	4095
   611                           
   612                           ;Config register IDLOC5 @ 0x20000A
   613                           ;	unspecified, using default values
   614  20000A                     	org	2097162
   615  20000A  0FFF               	dw	4095
   616                           
   617                           ;Config register IDLOC6 @ 0x20000C
   618                           ;	unspecified, using default values
   619  20000C                     	org	2097164
   620  20000C  0FFF               	dw	4095
   621                           
   622                           ;Config register IDLOC7 @ 0x20000E
   623                           ;	unspecified, using default values
   624  20000E                     	org	2097166
   625  20000E  0FFF               	dw	4095
   626                           
   627                           ;Config register IDLOC8 @ 0x200010
   628                           ;	unspecified, using default values
   629  200010                     	org	2097168
   630  200010  0FFF               	dw	4095
   631                           
   632                           ;Config register IDLOC9 @ 0x200012
   633                           ;	unspecified, using default values
   634  200012                     	org	2097170
   635  200012  0FFF               	dw	4095
   636                           
   637                           ;Config register IDLOC10 @ 0x200014
   638                           ;	unspecified, using default values
   639  200014                     	org	2097172
   640  200014  0FFF               	dw	4095
   641                           
   642                           ;Config register IDLOC11 @ 0x200016
   643                           ;	unspecified, using default values
   644  200016                     	org	2097174
   645  200016  0FFF               	dw	4095
   646                           
   647                           ;Config register IDLOC12 @ 0x200018
   648                           ;	unspecified, using default values
   649  200018                     	org	2097176
   650  200018  0FFF               	dw	4095
   651                           
   652                           ;Config register IDLOC13 @ 0x20001A
   653                           ;	unspecified, using default values
   654  20001A                     	org	2097178
   655  20001A  0FFF               	dw	4095
   656                           
   657                           ;Config register IDLOC14 @ 0x20001C
   658                           ;	unspecified, using default values
   659  20001C                     	org	2097180
   660  20001C  0FFF               	dw	4095
   661                           
   662                           ;Config register IDLOC15 @ 0x20001E
   663                           ;	unspecified, using default values
   664  20001E                     	org	2097182
   665  20001E  0FFF               	dw	4095
   666                           
   667                           	psect	config
   668                           
   669                           ;Config register CONFIG1 @ 0x300000
   670                           ;	External Oscillator Selection
   671                           ;	FEXTOSC = OFF, Oscillator not enabled
   672                           ;	Reset Oscillator Selection
   673                           ;	RSTOSC = HFINTOSC_64MHZ, HFINTOSC with HFFRQ = 64 MHz and CDIV = 1:1
   674  300000                     	org	3145728
   675  300000  8C                 	db	140
   676                           
   677                           ;Config register CONFIG2 @ 0x300001
   678                           ;	Clock out Enable bit
   679                           ;	CLKOUTEN = ON, CLKOUT function is enabled
   680                           ;	PRLOCKED One-Way Set Enable bit
   681                           ;	PR1WAY = ON, PRLOCKED bit can be cleared and set only once
   682                           ;	Clock Switch Enable bit
   683                           ;	CSWEN = ON, Writing to NOSC and NDIV is allowed
   684                           ;	Fail-Safe Clock Monitor Enable bit
   685                           ;	FCMEN = ON, Fail-Safe Clock Monitor enabled
   686  300001                     	org	3145729
   687  300001  FE                 	db	254
   688                           
   689                           ;Config register CONFIG3 @ 0x300002
   690                           ;	MCLR Enable bit
   691                           ;	MCLRE = EXTMCLR, If LVP = 0, MCLR pin is MCLR; If LVP = 1, RE3 pin function is MCLR
   692                           ;	Power-up timer selection bits
   693                           ;	PWRTS = PWRT_OFF, PWRT is disabled
   694                           ;	Multi-vector enable bit
   695                           ;	MVECEN = ON, Multi-vector enabled, Vector table used for interrupts
   696                           ;	IVTLOCK bit One-way set enable bit
   697                           ;	IVT1WAY = ON, IVTLOCKED bit can be cleared and set only once
   698                           ;	Low Power BOR Enable bit
   699                           ;	LPBOREN = OFF, Low-Power BOR disabled
   700                           ;	Brown-out Reset Enable bits
   701                           ;	BOREN = SBORDIS, Brown-out Reset enabled , SBOREN bit is ignored
   702  300002                     	org	3145730
   703  300002  FF                 	db	255
   704                           
   705                           ;Config register CONFIG4 @ 0x300003
   706                           ;	Brown-out Reset Voltage Selection bits
   707                           ;	BORV = VBOR_2P85, Brown-out Reset Voltage (VBOR) set to 2.8V
   708                           ;	ZCD Disable bit
   709                           ;	ZCD = OFF, ZCD module is disabled. ZCD can be enabled by setting the ZCDSEN bit of ZCD
      +                          CON
   710                           ;	PPSLOCK bit One-Way Set Enable bit
   711                           ;	PPS1WAY = ON, PPSLOCKED bit can be cleared and set only once; PPS registers remain loc
      +                          ked after one clear/set cycle
   712                           ;	Stack Full/Underflow Reset Enable bit
   713                           ;	STVREN = ON, Stack full/underflow will cause Reset
   714                           ;	Low Voltage Programming Enable bit
   715                           ;	LVP = ON, Low voltage programming enabled. MCLR/VPP pin function is MCLR. MCLRE config
      +                          uration bit is ignored
   716                           ;	Extended Instruction Set Enable bit
   717                           ;	XINST = OFF, Extended Instruction Set and Indexed Addressing Mode disabled
   718  300003                     	org	3145731
   719  300003  FC                 	db	252
   720                           
   721                           ;Config register CONFIG5 @ 0x300004
   722                           ;	WDT Period selection bits
   723                           ;	WDTCPS = WDTCPS_31, Divider ratio 1:65536; software control of WDTPS
   724                           ;	WDT operating mode
   725                           ;	WDTE = OFF, WDT Disabled; SWDTEN is ignored
   726  300004                     	org	3145732
   727  300004  9F                 	db	159
   728                           
   729                           ;Config register CONFIG6 @ 0x300005
   730                           ;	WDT Window Select bits
   731                           ;	WDTCWS = WDTCWS_7, window always open (100%); software control; keyed access not requi
      +                          red
   732                           ;	WDT input clock selector
   733                           ;	WDTCCS = SC, Software Control
   734  300005                     	org	3145733
   735  300005  FF                 	db	255
   736                           
   737                           ;Config register CONFIG7 @ 0x300006
   738                           ;	Boot Block Size selection bits
   739                           ;	BBSIZE = BBSIZE_512, Boot Block size is 512 words
   740                           ;	Boot Block enable bit
   741                           ;	BBEN = OFF, Boot block disabled
   742                           ;	Storage Area Flash enable bit
   743                           ;	SAFEN = OFF, SAF disabled
   744                           ;	Background Debugger
   745                           ;	DEBUG = OFF, Background Debugger disabled
   746  300006                     	org	3145734
   747  300006  FF                 	db	255
   748                           
   749                           ;Config register CONFIG8 @ 0x300007
   750                           ;	Boot Block Write Protection bit
   751                           ;	WRTB = OFF, Boot Block not Write protected
   752                           ;	Configuration Register Write Protection bit
   753                           ;	WRTC = OFF, Configuration registers not Write protected
   754                           ;	Data EEPROM Write Protection bit
   755                           ;	WRTD = OFF, Data EEPROM not Write protected
   756                           ;	SAF Write protection bit
   757                           ;	WRTSAF = OFF, SAF not Write Protected
   758                           ;	Application Block write protection bit
   759                           ;	WRTAPP = OFF, Application Block not write protected
   760  300007                     	org	3145735
   761  300007  FF                 	db	255
   762                           
   763                           ; Padding undefined space
   764  300008                     	org	3145736
   765  300008  FF                 	db	255
   766                           
   767                           ;Config register CONFIG10 @ 0x300009
   768                           ;	PFM and Data EEPROM Code Protection bit
   769                           ;	CP = OFF, PFM and Data EEPROM code protection disabled
   770  300009                     	org	3145737
   771  300009  FF                 	db	255
   772                           tosu	equ	0x4FF
   773                           tosh	equ	0x4FE
   774                           tosl	equ	0x4FD
   775                           stkptr	equ	0x4FC
   776                           pclatu	equ	0x4FB
   777                           pclath	equ	0x4FA
   778                           pcl	equ	0x4F9
   779                           tblptru	equ	0x4F8
   780                           tblptrh	equ	0x4F7
   781                           tblptrl	equ	0x4F6
   782                           tablat	equ	0x4F5
   783                           prodh	equ	0x4F4
   784                           prodl	equ	0x4F3
   785                           indf0	equ	0x4EF
   786                           postinc0	equ	0x4EE
   787                           postdec0	equ	0x4ED
   788                           preinc0	equ	0x4EC
   789                           plusw0	equ	0x4EB
   790                           fsr0h	equ	0x4EA
   791                           fsr0l	equ	0x4E9
   792                           wreg	equ	0x4E8
   793                           indf1	equ	0x4E7
   794                           postinc1	equ	0x4E6
   795                           postdec1	equ	0x4E5
   796                           preinc1	equ	0x4E4
   797                           plusw1	equ	0x4E3
   798                           fsr1h	equ	0x4E2
   799                           fsr1l	equ	0x4E1
   800                           bsr	equ	0x4E0
   801                           indf2	equ	0x4DF
   802                           postinc2	equ	0x4DE
   803                           postdec2	equ	0x4DD
   804                           preinc2	equ	0x4DC
   805                           plusw2	equ	0x4DB
   806                           fsr2h	equ	0x4DA
   807                           fsr2l	equ	0x4D9
   808                           status	equ	0x4D8

Data Sizes:
    Strings     0
    Constant    0
    Data        5
    BSS         17
    Persistent  0
    Stack       0

Auto Spaces:
    Space          Size  Autos    Used
    COMRAM           95      6      28
    BANK5           160      0       0
    BANK6           256      0       0
    BANK7           256      0       0
    BANK8           256      0       0
    BANK9           256      0       0
    BANK10          256      0       0
    BANK11          256      0       0
    BANK12          256      0       0
    BANK13          256      0       0
    BANK14          256      0       0
    BANK15          256      0       0
    BANK16          256      0       0
    BANK17          256      0       0
    BANK18          256      0       0
    BANK19          256      0       0
    BANK20          256      0       0
    BANK21          256      0       0
    BANK22          256      0       0
    BANK23          256      0       0
    BANK24          256      0       0
    BANK25          256      0       0
    BANK26          256      0       0
    BANK27          256      0       0
    BANK28          256      0       0
    BANK29          256      0       0
    BANK30          256      0       0
    BANK31          256      0       0
    BANK32          256      0       0
    BANK33          256      0       0
    BANK34          256      0       0
    BANK35          256      0       0
    BANK36          256      0       0
    BANK37          256      0       0

Pointer List with Targets:

    None.

Critical Paths under _main in COMRAM

    _main->_UserAppRun

Critical Paths under _main in BANK5

    None.

Critical Paths under _main in BANK6

    None.

Critical Paths under _main in BANK7

    None.

Critical Paths under _main in BANK8

    None.

Critical Paths under _main in BANK9

    None.

Critical Paths under _main in BANK10

    None.

Critical Paths under _main in BANK11

    None.

Critical Paths under _main in BANK12

    None.

Critical Paths under _main in BANK13

    None.

Critical Paths under _main in BANK14

    None.

Critical Paths under _main in BANK15

    None.

Critical Paths under _main in BANK16

    None.

Critical Paths under _main in BANK17

    None.

Critical Paths under _main in BANK18

    None.

Critical Paths under _main in BANK19

    None.

Critical Paths under _main in BANK20

    None.

Critical Paths under _main in BANK21

    None.

Critical Paths under _main in BANK22

    None.

Critical Paths under _main in BANK23

    None.

Critical Paths under _main in BANK24

    None.

Critical Paths under _main in BANK25

    None.

Critical Paths under _main in BANK26

    None.

Critical Paths under _main in BANK27

    None.

Critical Paths under _main in BANK28

    None.

Critical Paths under _main in BANK29

    None.

Critical Paths under _main in BANK30

    None.

Critical Paths under _main in BANK31

    None.

Critical Paths under _main in BANK32

    None.

Critical Paths under _main in BANK33

    None.

Critical Paths under _main in BANK34

    None.

Critical Paths under _main in BANK35

    None.

Critical Paths under _main in BANK36

    None.

Critical Paths under _main in BANK37

    None.

Call Graph Tables:

 ---------------------------------------------------------------------------------
 (Depth) Function   	        Calls       Base Space   Used Autos Params    Refs
 ---------------------------------------------------------------------------------
 (0) _main                                                 0     0      0      30
                         _ClockSetup
                          _GpioSetup
                       _SysTickSetup
                        _SystemSleep
                  _UserAppInitialize
                         _UserAppRun
 ---------------------------------------------------------------------------------
 (1) _UserAppRun                                           6     6      0      30
                                              0 COMRAM     6     6      0
 ---------------------------------------------------------------------------------
 (1) _UserAppInitialize                                    0     0      0       0
 ---------------------------------------------------------------------------------
 (1) _SystemSleep                                          0     0      0       0
 ---------------------------------------------------------------------------------
 (1) _SysTickSetup                                         0     0      0       0
 ---------------------------------------------------------------------------------
 (1) _GpioSetup                                            0     0      0       0
 ---------------------------------------------------------------------------------
 (1) _ClockSetup                                           0     0      0       0
 ---------------------------------------------------------------------------------
 Estimated maximum stack depth 1
 ---------------------------------------------------------------------------------

 Call Graph Graphs:

 _main (ROOT)
   _ClockSetup
   _GpioSetup
   _SysTickSetup
   _SystemSleep
   _UserAppInitialize
   _UserAppRun

 Address spaces:
Name               Size   Autos  Total    Cost      Usage
BIGRAM            20FF      0       0      71        0.0%
EEDATA             400      0       0       0        0.0%
BITBANK37          100      0       0      70        0.0%
BANK37             100      0       0      68        0.0%
BITBANK36          100      0       0      66        0.0%
BANK36             100      0       0      67        0.0%
BITBANK35          100      0       0      64        0.0%
BANK35             100      0       0      65        0.0%
BITBANK34          100      0       0      62        0.0%
BANK34             100      0       0      63        0.0%
BITBANK33          100      0       0      60        0.0%
BANK33             100      0       0      61        0.0%
BITBANK32          100      0       0      58        0.0%
BANK32             100      0       0      59        0.0%
BITBANK31          100      0       0      56        0.0%
BANK31             100      0       0      57        0.0%
BITBANK30          100      0       0      54        0.0%
BANK30             100      0       0      55        0.0%
BITBANK29          100      0       0      52        0.0%
BANK29             100      0       0      53        0.0%
BITBANK28          100      0       0      50        0.0%
BANK28             100      0       0      51        0.0%
BITBANK27          100      0       0      48        0.0%
BANK27             100      0       0      49        0.0%
BITBANK26          100      0       0      46        0.0%
BANK26             100      0       0      47        0.0%
BITBANK25          100      0       0      44        0.0%
BANK25             100      0       0      45        0.0%
BITBANK24          100      0       0      42        0.0%
BANK24             100      0       0      43        0.0%
BITBANK23          100      0       0      40        0.0%
BANK23             100      0       0      41        0.0%
BITBANK22          100      0       0      38        0.0%
BANK22             100      0       0      39        0.0%
BITBANK21          100      0       0      36        0.0%
BANK21             100      0       0      37        0.0%
BITBANK20          100      0       0      34        0.0%
BANK20             100      0       0      35        0.0%
BITBANK19          100      0       0      32        0.0%
BANK19             100      0       0      33        0.0%
BITBANK18          100      0       0      30        0.0%
BANK18             100      0       0      31        0.0%
BITBANK17          100      0       0      28        0.0%
BANK17             100      0       0      29        0.0%
BITBANK16          100      0       0      26        0.0%
BANK16             100      0       0      27        0.0%
BITBANK15          100      0       0      24        0.0%
BANK15             100      0       0      25        0.0%
BITBANK14          100      0       0      22        0.0%
BANK14             100      0       0      23        0.0%
BITBANK13          100      0       0      20        0.0%
BANK13             100      0       0      21        0.0%
BITBANK12          100      0       0      18        0.0%
BANK12             100      0       0      19        0.0%
BITBANK11          100      0       0      16        0.0%
BANK11             100      0       0      17        0.0%
BITBANK10          100      0       0      14        0.0%
BANK10             100      0       0      15        0.0%
BITBANK9           100      0       0      12        0.0%
BANK9              100      0       0      13        0.0%
BITBANK8           100      0       0      10        0.0%
BANK8              100      0       0      11        0.0%
BITBANK7           100      0       0       8        0.0%
BANK7              100      0       0       9        0.0%
BITBANK6           100      0       0       6        0.0%
BANK6              100      0       0       7        0.0%
BITBANK5            A0      0       0       4        0.0%
BANK5               A0      0       0       5        0.0%
BITCOMRAM           5F      0       0       0        0.0%
COMRAM              5F      6      1C       1       29.5%
BITSFR_5             0      0       0     200        0.0%
SFR_5                0      0       0     200        0.0%
BITSFR_4             0      0       0     200        0.0%
SFR_4                0      0       0     200        0.0%
BITSFR_3             0      0       0     200        0.0%
SFR_3                0      0       0     200        0.0%
BITSFR_2             0      0       0     200        0.0%
SFR_2                0      0       0     200        0.0%
BITSFR_1             0      0       0     200        0.0%
SFR_1                0      0       0     200        0.0%
BITSFR               0      0       0     200        0.0%
SFR                  0      0       0     200        0.0%
STACK                0      0       0       2        0.0%
NULL                 0      0       0       0        0.0%
ABS                  0      0      1C      69        0.0%
DATA                 0      0      1C       3        0.0%
CODE                 0      0       0       0        0.0%


Microchip Technology PIC18 Macro Assembler V2.31 build 20201012212115 
Symbol Table                                                                                   Thu Mar 04 16:38:33 2021

     __size_of_SysTickSetup 0022                          l13 FEE6                          l22 FEE8  
                        l16 FEFE                          l19 FF30                          l65 FF0E  
                        l79 FFFA                          u11 FF90                          u20 FFB2  
                        u21 FFAE                          u30 FFF2                          u31 FFEE  
                       l811 FF32                         l821 FF44                         l813 FF34  
                       l823 FF48                         l815 FF38                         l809 FF10  
                       l761 FF86                         l817 FF3C                         l755 FEF0  
                       l771 FFC0                         l763 FF98                         l819 FF40  
                       l781 FFF2                         l773 FFC4                         l765 FF9C  
                       l759 FF00                         l775 FFD4                         l767 FFB2  
                       l777 FFDA                         l769 FFBA                         l779 FFDE  
                       wreg 0004E8                        _LATA 0004BE                        _PIR3 0004B1  
                      _main FF32                _SysTickSetup FF10                        indf2 0004DF  
                      fsr1l 0004E1                        fsr2l 0004D9                        start FFFC  
      __size_of_SystemSleep 0002                ___param_bank 000000                  _ClockSetup FEE6  
                     ?_main 0512                       _TMR0H 000319                       _TMR0L 000318  
                     _TRISA 0004C6                       tablat 0004F5                       plusw1 0004E3  
                     plusw2 0004DB                       status 0004D8             __initialization FF54  
              __end_of_main FF54                      ??_main 0518               __activetblptr 000000  
                    _ANSELA 000400                      _T0CON0 00031A                      _T0CON1 00031B  
        __size_of_GpioSetup 0010      UserAppRun@intLedDesign 050D                 ?_ClockSetup 0512  
                    clear_0 FF7A                __pdataCOMRAM 0518                      tblptrh 0004F7  
                    tblptrl 0004F6                      tblptru 0004F8                  _UserAppRun FF86  
                __accesstop 0560     __end_of__initialization FF80               ___rparam_used 000001  
          _G_u8UserAppFlags 0511              __pcstackCOMRAM 0512           __end_of_GpioSetup FF00  
       __size_of_ClockSetup 0002                 ?_UserAppRun 0512          UserAppRun@u16Count 050F  
             ??_SystemSleep 0512                     __Hparam 0000                     __Lparam 0000  
        UserAppRun@u8Design 0512                     __pcinit FF54                     __ramtop 2600  
                   __ptext0 FF32                     __ptext1 FF86                     __ptext2 FF00  
                   __ptext3 FEE8                     __ptext4 FF10                     __ptext5 FEF0  
                   __ptext6 FEE6        end_of_initialization FF80            _G_u32SystemFlags 0501  
                   postdec1 0004E5                     postinc0 0004EE         __end_of_SystemSleep FEEA  
              ??_ClockSetup 0512         __size_of_UserAppRun 0076          __end_of_ClockSetup FEE8  
             __pidataCOMRAM FEEB                   _GpioSetup FEF0         start_initialization FF54  
             ?_SysTickSetup 0512                 _SystemSleep FEE8                  ?_GpioSetup 0512  
               __pbssCOMRAM 0501           _UserAppInitialize FF00                ??_UserAppRun 0512  
        ?_UserAppInitialize 0512              ??_SysTickSetup 0512         ??_UserAppInitialize 0512  
        __end_of_UserAppRun FFFC   __end_of_UserAppInitialize FF10                 ??_GpioSetup 0512  
                 copy_data0 FF68                    __Hrparam 0000                    __Lrparam 0000  
          UserAppRun@F15925 0518         UserAppRun@u8Pattern 0517        __end_of_SysTickSetup FF32  
__size_of_UserAppInitialize 0010               __size_of_main 0022                ?_SystemSleep 0512  
        _G_u32SystemTime1ms 0509           _G_u32SystemTime1s 0505  
